{"/Users/je-martinez-codex/Documents/Repositories/Personal/basic-cypress-vue-with-vue-cli/src/App.vue": {"path":"/Users/je-martinez-codex/Documents/Repositories/Personal/basic-cypress-vue-with-vue-cli/src/App.vue","statementMap":{},"fnMap":{},"branchMap":{},"s":{},"f":{},"b":{}}
,"/Users/je-martinez-codex/Documents/Repositories/Personal/basic-cypress-vue-with-vue-cli/src/components/HelloWorld.vue": {"path":"/Users/je-martinez-codex/Documents/Repositories/Personal/basic-cypress-vue-with-vue-cli/src/components/HelloWorld.vue","statementMap":{},"fnMap":{},"branchMap":{},"s":{},"f":{},"b":{}}
}
