TN:
SF:src/App.vue
FNF:0
FNH:0
LF:0
LH:0
BRF:0
BRH:0
end_of_record
TN:
SF:src/main.js
FNF:0
FNH:0
DA:4,5
LF:1
LH:1
BRF:0
BRH:0
end_of_record
TN:
SF:src/components/HelloWorld.vue
FN:4,(anonymous_0)
FN:13,(anonymous_1)
FN:16,(anonymous_2)
FN:22,(anonymous_3)
FN:25,(anonymous_4)
FN:35,(anonymous_5)
FN:42,(anonymous_6)
FN:43,(anonymous_7)
FN:47,(anonymous_8)
FN:48,(anonymous_9)
FN:52,(anonymous_10)
FN:53,(anonymous_11)
FN:57,(anonymous_12)
FN:58,(anonymous_13)
FN:62,(anonymous_14)
FNF:15
FNH:15
FNDA:5,(anonymous_0)
FNDA:1,(anonymous_1)
FNDA:2,(anonymous_2)
FNDA:1,(anonymous_3)
FNDA:12,(anonymous_4)
FNDA:2,(anonymous_5)
FNDA:1,(anonymous_6)
FNDA:1,(anonymous_7)
FNDA:1,(anonymous_8)
FNDA:1,(anonymous_9)
FNDA:1,(anonymous_10)
FNDA:1,(anonymous_11)
FNDA:1,(anonymous_12)
FNDA:1,(anonymous_13)
FNDA:4,(anonymous_14)
DA:5,5
DA:14,1
DA:17,2
DA:23,1
DA:26,12
DA:27,4
DA:28,4
DA:30,12
DA:38,2
DA:39,1
DA:43,1
DA:44,1
DA:45,1
DA:48,1
DA:49,1
DA:50,1
DA:53,1
DA:54,1
DA:55,1
DA:58,1
DA:59,1
DA:60,1
DA:63,4
DA:64,4
DA:65,4
LF:25
LH:25
BRDA:18,0,0,1
BRDA:18,0,1,1
BRDA:26,1,0,4
BRDA:26,1,1,8
BRDA:31,2,0,5
BRDA:31,2,1,7
BRDA:38,3,0,1
BRDA:38,3,1,1
BRF:8
BRH:8
end_of_record
